2024-08-02 14:51:13.781 [main] INFO  [55] - Starting NacosBootstrap using Java 1.8.0_391 on LAPTOP-VV6E51HM with PID 25428 (D:\project\service-learn\service-nacos\target\classes started by sdses in D:\project\service-learn)
2024-08-02 14:51:13.786 [main] INFO  [632] - No active profile set, falling back to 1 default profile: "default"
2024-08-02 14:55:26.987 [main] INFO  [55] - Starting NacosBootstrap using Java 1.8.0_391 on LAPTOP-VV6E51HM with PID 52788 (D:\project\service-learn\service-nacos\target\classes started by sdses in D:\project\service-learn)
2024-08-02 14:55:27.017 [main] INFO  [632] - No active profile set, falling back to 1 default profile: "default"
2024-08-02 14:55:28.547 [main] INFO  [44] - initial config: {
    "domain": "video_vod_upload",
    "key": "user_id",
    "value": "score"
}
2024-08-02 14:55:28.776 [main] INFO  [61] - Started NacosBootstrap in 1.96 seconds (JVM running for 2.673)
2024-08-02 14:55:28.794 [main] INFO  [28] - register service instance success.
2024-08-02 14:56:22.615 [SpringApplicationShutdownHook] INFO  [28] - deregister service instance success.
2024-08-02 17:32:43.905 [main] INFO  [55] - Starting NacosBootstrap using Java 1.8.0_391 on LAPTOP-VV6E51HM with PID 55420 (D:\project\service-learn\service-nacos\target\classes started by sdses in D:\project\service-learn)
2024-08-02 17:32:43.940 [main] INFO  [632] - No active profile set, falling back to 1 default profile: "default"
2024-08-02 17:32:46.456 [main] INFO  [44] - initial config: {
    "domain": "video_vod_upload",
    "key": "user_id",
    "value": "score"
}
2024-08-02 17:32:46.797 [main] INFO  [61] - Started NacosBootstrap in 3.082 seconds (JVM running for 3.842)
2024-08-02 17:32:46.845 [main] INFO  [28] - register service instance success.
2024-08-02 17:44:57.134 [SpringApplicationShutdownHook] INFO  [28] - deregister service instance success.
